{"D:\\REACT\\My WorkSpace\\Namaste-React-Chapter 13 - React-Testing\\src\\constants.js": {"path":"D:\\REACT\\My WorkSpace\\Namaste-React-Chapter 13 - React-Testing\\src\\constants.js","statementMap":{"0":{"start":{"line":2,"column":2},"end":{"line":2,"column":85}},"1":{"start":{"line":6,"column":2},"end":{"line":6,"column":123}}},"fnMap":{},"branchMap":{},"s":{"0":1,"1":1},"f":{},"b":{},"_coverageSchema":"1a1c01bbd47fc00a2c39e90264f33305004495a9","hash":"4d7b7758e3f0a6e833a94e948008c2c9b8a8c3b5"}
,"D:\\REACT\\My WorkSpace\\Namaste-React-Chapter 13 - React-Testing\\src\\components\\RestaurantCards.js": {"path":"D:\\REACT\\My WorkSpace\\Namaste-React-Chapter 13 - React-Testing\\src\\components\\RestaurantCards.js","statementMap":{"0":{"start":{"line":3,"column":24},"end":{"line":19,"column":1}},"1":{"start":{"line":4,"column":2},"end":{"line":4,"column":34}},"2":{"start":{"line":6,"column":2},"end":{"line":18,"column":4}}},"fnMap":{"0":{"name":"(anonymous_0)","decl":{"start":{"line":3,"column":24},"end":{"line":3,"column":25}},"loc":{"start":{"line":3,"column":35},"end":{"line":19,"column":1}},"line":3}},"branchMap":{},"s":{"0":1,"1":1,"2":1},"f":{"0":1},"b":{},"_coverageSchema":"1a1c01bbd47fc00a2c39e90264f33305004495a9","hash":"f895c8414a2fb576d81a96c8e4a6a2e2f5633795"}
}
